#,X,Y,Z,R,A,B
1416379382.187, 0, 0, 32767, 0, 0, 0 
1416379382.271, 0, 0, 32767, 0, 0, 0 
1416379382.355, 0, 0, 32767, 0, 0, 0 
1416379382.439, 0, 0, 32767, 0, 0, 0 
1416379382.523, 0, 0, 32767, 0, 0, 0 
1416379382.607, 0, 0, 32767, 0, 0, 0 
1416379382.691, 0, 0, 32767, 0, 0, 0 
1416379382.775, 0, 0, 32767, 0, 0, 0 
1416379382.860, 0, 0, 32767, 0, 0, 0 
1416379382.927, 0, 0, 32767, 0, 0, 0 
1416379383.011, 0, 0, 32767, 0, 0, 0 
1416379383.095, 0, 0, 32767, 0, 0, 0 
1416379383.179, 0, 0, 32767, 0, 0, 0 
1416379383.263, 0, 0, 32767, 0, 0, 0 
1416379383.347, 0, 0, 32767, 0, 0, 0 
1416379383.432, 0, 0, 32767, 0, 0, 0 
1416379383.516, 0, 0, 32767, 0, 0, 0 
1416379383.600, 0, 0, 32767, 0, 0, 0 
1416379383.684, 0, 0, 32767, 0, 0, 0 
1416379383.768, 0, 0, 32767, 0, 0, 0 
1416379383.852, 0, 0, 32767, 0, 0, 0 
1416379383.936, 0, 0, 32767, 0, 0, 0 
1416379384.021, 0, 0, 32767, 0, 0, 0 
1416379384.104, 0, 0, 32767, 0, 0, 0 
1416379384.189, 0, 0, 32767, 0, 0, 0 
1416379384.273, 0, 0, 32767, 0, 0, 0 
1416379384.357, 0, 0, 32767, 0, 0, 0 
1416379384.441, 0, 0, 32767, 0, 0, 0 
1416379384.525, 0, 0, 32767, 0, 0, 0 
1416379384.609, 0, 0, 32767, 0, 0, 0 
1416379384.693, 0, 0, 32767, 0, 0, 0 
1416379384.777, 0, 0, 32767, 0, 0, 0 
1416379384.861, 0, 0, 32767, 0, 0, 0 
1416379384.945, 0, 0, 32767, 0, 0, 0 
1416379385.012, 0, 0, 32767, 0, 0, 0 
1416379385.096, 0, 0, 32767, 0, 0, 0 
1416379385.180, 0, 0, 32767, 0, 0, 0 
1416379385.265, 0, 0, 32767, 0, 0, 0 
1416379385.349, 0, 0, 32767, 0, 0, 0 
1416379385.433, 0, 0, 32767, 0, 0, 0 
1416379385.517, 0, 0, 32767, 0, 0, 0 
1416379385.601, 0, 0, 32767, 0, 0, 0 
1416379385.685, 0, 0, 32767, 0, 0, 0 
1416379385.769, 0, 0, 32767, 0, 0, 0 
1416379385.854, 0, 0, 32767, 0, 0, 0 
1416379385.938, 0, 0, 32767, 0, 0, 0 
1416379386.022, 0, 0, 32767, 0, 0, 0 
1416379386.106, 0, 0, 32767, 0, 0, 0 
1416379386.190, 0, 0, 32767, 0, 0, 0 
1416379386.274, 0, 0, 32767, 0, 0, 0 
1416379386.358, 0, 0, 32767, 0, 0, 0 
1416379386.443, 0, 0, 32767, 0, 0, 0 
1416379386.527, 0, 0, 32767, 0, 0, 0 
1416379386.611, 0, 0, 32767, 0, 0, 0 
1416379386.695, 0, 0, 32767, 0, 0, 0 
1416379386.779, 0, 0, 32767, 0, 0, 0 
1416379386.863, 0, 0, 32767, 0, 0, 0 
1416379386.930, 0, 0, 32767, 0, 0, 0 
1416379387.015, 0, 0, 32767, 0, 0, 0 
1416379387.099, 0, 0, 32767, 0, 0, 0 
1416379387.183, 0, 0, 32767, 0, 0, 0 
1416379387.267, 0, 0, 32767, 0, 0, 0 
1416379387.351, 0, 0, 32767, 0, 0, 0 
1416379387.435, 0, 0, 32767, 0, 0, 0 
1416379387.519, 0, 0, 32767, 0, 0, 0 
1416379387.603, 0, 0, 32767, 0, 0, 0 
1416379387.688, 0, 0, 32767, 0, 0, 0 
1416379387.772, 0, 0, 32767, 0, 0, 0 
1416379387.856, 0, 0, 32767, 0, 0, 0 
1416379387.940, 0, 0, 32767, 0, 0, 0 
1416379388.024, 0, 0, 32767, 0, 0, 0 
1416379388.108, 0, 0, 32767, 0, 0, 0 
1416379388.192, 0, 0, 32767, 0, 0, 0 
1416379388.276, 0, 0, 32767, 0, 0, 0 
1416379388.360, 0, 0, 32767, 0, 0, 0 
1416379388.444, 0, 0, 32767, 0, 0, 0 
1416379388.528, 0, 0, 32767, 0, 0, 0 
1416379388.612, 0, 0, 32767, 0, 0, 0 
1416379388.696, 0, 0, 32767, 0, 0, 0 
1416379388.780, 0, 0, 32767, 0, 0, 0 
1416379388.864, 0, 0, 32767, 0, 0, 0 
1416379388.949, 0, 0, 32767, 0, 0, 0 
1416379389.016, 0, 0, 32767, 0, 0, 0 
1416379389.100, 0, 0, 32767, 0, 0, 0 
1416379389.184, 0, 0, 32767, 0, 0, 0 
1416379389.268, 0, 0, 32767, 0, 0, 0 
1416379389.352, 0, 0, 32767, 0, 0, 0 
1416379389.436, 0, 0, 32767, 0, 0, 0 
1416379389.520, 0, 0, 32767, 0, 0, 0 
1416379389.605, 0, 0, 32767, 0, 0, 0 
1416379389.689, 0, 0, 32767, 0, 0, 0 
1416379389.772, 0, 0, 32767, 0, 0, 0 
1416379389.857, 0, 0, 32767, 0, 0, 0 
1416379389.941, 0, 0, 32767, 0, 0, 0 
1416379390.025, 0, 0, 32767, 0, 0, 0 
1416379390.109, 0, 0, 32767, 0, 0, 0 
1416379390.193, 0, 0, 32767, 0, 0, 0 
1416379390.277, 0, 0, 32767, 0, 0, 0 
1416379390.361, 0, 0, 32767, 0, 0, 0 
1416379390.445, 0, 0, 32767, 0, 0, 0 
1416379390.529, 0, 0, 32767, 0, 0, 0 
1416379390.613, 0, 0, 32767, 0, 0, 0 
1416379390.697, 0, 0, 32767, 0, 0, 0 
1416379390.781, 0, 0, 32767, 0, 0, 0 
1416379390.865, 0, 0, 32767, 0, 0, 0 
1416379390.949, 0, 0, 32767, 0, 0, 0 
1416379391.033, 0, 0, 32767, 0, 0, 0 
1416379391.101, 0, 0, 32767, 0, 0, 0 
1416379391.185, 0, 0, 32767, 0, 0, 0 
1416379391.269, 0, 0, 32767, 0, 0, 0 
1416379391.353, 0, 0, 32767, 0, 0, 0 
1416379391.437, 0, 0, 32767, 0, 0, 0 
1416379391.521, 0, 0, 32767, 0, 0, 0 
1416379391.605, 0, 0, 32767, 0, 0, 0 
1416379391.689, 0, 0, 32767, 0, 0, 0 
1416379391.774, 0, 0, 32767, 0, 0, 0 
1416379391.858, 0, 0, 32767, 0, 0, 0 
1416379391.942, 0, 0, 32767, 0, 0, 0 
1416379392.026, 0, 0, 32767, 0, 0, 0 
1416379392.110, 0, 0, 32767, 0, 0, 0 
1416379392.194, 0, 0, 32767, 0, 0, 0 
1416379392.278, 0, 0, 32767, 0, 0, 0 
1416379392.362, 0, 0, 32767, 0, 0, 0 
1416379392.446, 0, 0, 32767, 0, 0, 0 
1416379392.530, 0, 0, 32767, 0, 0, 0 
1416379392.615, 0, 0, 32767, 0, 0, 0 
1416379392.699, 0, 0, 32767, 0, 0, 0 
1416379392.783, 0, 0, 32767, 0, 0, 0 
1416379392.867, 0, 0, 32767, 0, 0, 0 
1416379392.951, 0, 0, 32767, 0, 0, 0 
1416379393.036, 0, 0, 32767, 0, 0, 0 
1416379393.103, 0, 0, 32767, 0, 0, 0 
1416379393.187, 0, 0, 32767, 0, 0, 0 
1416379393.271, 0, 0, 32767, 0, 0, 0 
1416379393.355, 0, 0, 32767, 0, 0, 0 
1416379393.440, 0, 0, 32767, 0, 0, 0 
1416379393.524, 0, 0, 32767, 0, 0, 0 
1416379393.608, 0, 0, 32767, 0, 0, 0 
1416379393.692, 0, 0, 32767, 0, 0, 0 
1416379393.776, 0, 0, 32767, 0, 0, 0 
1416379393.861, 0, 0, 32767, 0, 0, 0 
1416379393.945, 0, 0, 32767, 0, 0, 0 
1416379394.029, 0, 0, 32767, 0, 0, 0 
1416379394.113, 0, 0, 32767, 0, 0, 0 
1416379394.197, 0, 0, 32767, 0, 0, 0 
1416379394.281, 0, 0, 32767, 0, 0, 0 
1416379394.365, 0, 0, 32767, 0, 0, 0 
1416379394.450, 0, 0, 32767, 0, 0, 0 
1416379394.534, 0, 0, 32767, 0, 0, 0 
1416379394.618, 0, 0, 32767, 0, 0, 0 
1416379394.702, 0, 0, 32767, 0, 0, 0 
1416379394.786, 0, 0, 32767, 0, 0, 0 
1416379394.871, 0, 0, 32767, 0, 0, 0 
1416379394.938, 0, 0, 32767, 0, 0, 0 
1416379395.022, 0, 0, 32767, 0, 0, 0 
1416379395.106, 0, 0, 32767, 0, 0, 0 
1416379395.190, 0, 0, 32767, 0, 0, 0 
1416379395.274, 0, 0, 32767, 0, 0, 0 
1416379395.358, 0, 0, 32767, 0, 0, 0 
1416379395.442, 0, 0, 32767, 0, 0, 0 
1416379395.527, 0, 0, 32767, 0, 0, 0 
1416379395.611, 0, 0, 32767, 0, 0, 0 
1416379395.695, 0, 0, 32767, 0, 0, 0 
1416379395.779, 0, 0, 32767, 0, 0, 0 
1416379395.863, 0, 0, 32767, 0, 0, 0 
1416379395.948, 0, 0, 32767, 0, 0, 0 
1416379396.032, 0, 0, 32767, 0, 0, 0 
1416379396.116, 0, 0, 32767, 0, 0, 0 
1416379396.200, 0, 0, 32767, 0, 0, 0 
1416379396.284, 0, 0, 32767, 0, 0, 0 
1416379396.368, 0, 0, 32767, 0, 0, 0 
1416379396.452, 0, 0, 32767, 0, 0, 0 
1416379396.536, 0, 0, 32767, 0, 0, 0 
1416379396.621, 0, 0, 32767, 0, 0, 0 
1416379396.705, 0, 0, 32767, 0, 0, 0 
1416379396.789, 0, 0, 32767, 0, 0, 0 
1416379396.856, 0, 0, 32767, -1352, 0, 0 
1416379396.940, 0, 0, 32767, -6757, 0, 0 
1416379397.024, 0, 0, 32767, -13513, 0, 0 
1416379397.108, 0, 0, 32767, -18242, 0, 0 
1416379397.192, 0, 0, 32767, -21958, 0, 0 
1416379397.276, 0, 0, 32767, -24999, 0, 0 
1416379397.360, 0, 0, 32767, -18242, 0, 0 
1416379397.444, 0, 0, 32767, -10473, 0, 0 
1416379397.528, 0, 0, 32767, -2027, 0, 0 
1416379397.612, 0, 0, 32767, 0, 0, 0 
1416379397.695, 0, 0, 32767, 0, 0, 0 
1416379397.780, 0, 0, 32767, 0, 0, 0 
1416379397.864, 0, 0, 32767, 0, 0, 0 
1416379397.948, 0, 0, 32767, 5067, 0, 0 
1416379398.032, 0, 0, 32767, 13850, 0, 0 
1416379398.116, 0, 0, 32767, 21957, 0, 0 
1416379398.200, 0, 0, 32767, 28714, 0, 0 
1416379398.284, 0, 0, 32767, 30741, 0, 0 
1416379398.367, 0, 0, 32767, 21620, 0, 0 
1416379398.451, 0, 0, 32767, 11485, 0, 0 
1416379398.535, 0, -676, 32767, 0, 0, 0 
1416379398.619, 0, -4730, 32767, 0, 0, 0 
1416379398.703, 0, -8446, 32767, 0, 0, 0 
1416379398.787, 0, -11486, 32767, 0, 0, 0 
1416379398.871, 0, -14527, 32767, 0, 0, 0 
1416379398.955, 0, -12162, 32767, 0, 0, 0 
1416379399.039, 0, -7770, 32767, 0, 0, 0 
1416379399.123, 0, -2027, 32767, 0, 0, 0 
1416379399.208, 0, 1689, 32767, 0, 0, 0 
1416379399.275, 0, 6080, 32767, 0, 0, 0 
1416379399.359, 0, 13174, 32767, 0, 0, 0 
1416379399.443, 0, 19255, 32767, 0, 0, 0 
1416379399.527, 0, 22971, 32767, 0, 0, 0 
1416379399.611, 0, 21620, 32767, 0, 0, 0 
1416379399.695, 0, 17228, 32767, 0, 0, 0 
1416379399.779, 0, 10810, 32767, 0, 0, 0 
1416379399.864, 675, 4729, 32767, 0, 0, 0 
1416379399.947, 1013, 1013, 32767, 0, 0, 0 
1416379400.032, 1013, 1689, 32767, 0, 0, 0 
1416379400.116, 3040, 2364, 32767, 0, 0, 0 
1416379400.200, 5742, 3715, 32767, 0, 0, 0 
1416379400.283, 7431, 4729, 32767, 0, 0, 0 
1416379400.368, 10134, 6756, 32767, 0, 0, 0 
1416379400.451, 12161, 6756, 32767, 0, 0, 0 
1416379400.535, 12499, 6756, 32767, 0, 0, 0 
1416379400.619, 0, 0, 32767, 0, 0, 0 
1416379400.703, -6757, 0, 32767, 0, 0, 0 
1416379400.787, -8446, 0, 32767, 0, 0, 0 
1416379400.871, -12837, 0, 32767, 0, 0, 0 
1416379400.955, -17567, 0, 32767, 0, 0, 0 
1416379401.039, -18242, 4053, 32767, 0, 0, 0 
1416379401.123, -18242, 8107, 32767, 0, 0, 0 
1416379401.207, -19256, 8783, 32767, -338, 0, 0 
1416379401.291, -19256, 8107, 32767, -7432, 0, 0 
1416379401.375, -18242, 8107, 32767, -17229, 0, 0 
1416379401.458, -16553, 7431, 32767, -23310, 0, 0 
1416379401.542, -14864, 7431, 32767, -32767, 0, 0 
1416379401.626, -10135, 6080, 32767, -32767, 0, 0 
1416379401.693, -5068, 4729, 32767, -32767, 0, 0 
1416379401.777, -338, 3040, 32767, -32767, 0, 0 
1416379401.861, 0, 1013, 32767, -32767, 0, 0 
1416379401.945, 0, 1013, 32767, -32767, 0, 0 
1416379402.029, -32767, 27025, 32767, -32767, 0, 0 
1416379402.113, -32767, 26349, 32767, -1014, 0, 0 
1416379402.197, -32767, 27025, 32767, -17905, 0, 0 
1416379402.281, -32767, 27700, 32767, -23985, 0, 0 
1416379402.365, -31417, 27025, 32767, -28039, 0, 0 
1416379402.449, -25337, 26349, 32767, -32431, 0, 0 
1416379402.533, -22972, 26349, 32767, -32767, 0, 0 
1416379402.617, 0, 26349, 32767, -32767, 0, 0 
1416379402.700, 0, -18918, 32767, 0, 0, 0 
1416379402.784, -10135, -16553, 32767, 0, 0, 0 
1416379402.868, -16553, -15878, 32767, 0, 0, 0 
1416379402.952, -20607, -15878, 32767, 0, 0, 0 
1416379403.036, -21283, -15878, 32767, 0, 0, 0 
1416379403.120, -21958, -14527, 32767, 0, 0, 0 
1416379403.204, -22634, -12837, 32767, 0, 0, 0 
1416379403.288, -23648, -10811, 32767, 0, 0, 0 
1416379403.372, -24999, -7095, 32767, 0, 0, 0 
1416379403.456, -25337, -676, 32767, 0, 0, 0 
1416379403.539, -25337, 3040, 32767, 0, 0, 0 
1416379403.624, -23648, 6756, 32767, 0, 0, 0 
1416379403.707, -20607, 8783, 32767, 0, 0, 0 
1416379403.791, -17905, 12161, 32767, 0, 0, 0 
1416379403.875, -10135, 12499, 32767, 0, 0, 0 
1416379403.959, -1014, 13174, 32767, 0, 0, 0 
1416379404.043, 0, 13174, 32767, 0, 0, 0 
1416379404.127, 0, 6756, 32767, 0, 0, 0 
1416379404.211, 0, 0, 32767, 0, 0, 0 
1416379404.295, 0, 0, 32767, 0, 0, 0 
1416379404.362, 0, 0, 32767, 0, 0, 0 
1416379404.446, 0, 0, 32767, 0, 0, 0 
1416379404.531, 0, 0, 32767, 0, 0, 0 
1416379404.615, 0, 0, 32767, 0, 0, 0 
1416379404.699, 0, 0, 32767, 0, 0, 0 
1416379404.783, 0, 0, 32767, 0, 0, 0 
1416379404.867, 0, 0, 32767, 0, 0, 0 
1416379404.951, 0, 0, 32767, 0, 0, 0 
1416379405.036, 0, 0, 32767, 0, 0, 0 
1416379405.120, 0, 0, 32767, 0, 0, 0 
1416379405.204, 0, 0, 32767, 0, 0, 0 
1416379405.288, 0, 0, 32767, 0, 0, 0 
1416379405.372, 0, 0, 32767, 0, 0, 0 
1416379405.456, 0, 0, 32767, 0, 0, 0 
1416379405.540, 0, 0, 32767, 0, -32767, 0 
1416379405.624, 0, 0, 32767, 0, -32767, 0 
1416379405.709, 0, 0, 32767, 0, 0, 0 
1416379405.792, 0, 0, 32767, 0, 0, 0 
1416379405.876, 0, 0, 32767, 0, 0, 0 
1416379405.961, 0, 0, 32767, 0, 0, 0 
1416379406.045, 0, 0, 32767, 0, 32767, 0 
1416379406.128, 0, 0, 32767, 0, 32767, 0 
1416379406.212, 0, 0, 32767, 0, 32767, 0 
1416379406.297, 0, 0, 32767, 0, 32767, 0 
1416379406.364, 0, 0, 32767, 0, 0, 0 
1416379406.448, 0, 0, 32767, 0, 0, 0 
1416379406.532, 0, 0, 32767, 0, 0, 0 
1416379406.616, 0, 0, 32767, 0, 0, 0 
1416379406.700, 0, 0, 32767, 0, 0, -32767 
1416379406.784, 0, 0, 32767, 0, 0, -32767 
1416379406.868, 0, 0, 32767, 0, 0, -32767 
1416379406.952, 0, 0, 32767, 0, 0, 0 
1416379407.036, 0, 0, 32767, 0, 0, 0 
1416379407.120, 0, 0, 32767, 0, 0, 32767 
1416379407.204, 0, 0, 32767, 0, 0, 32767 
1416379407.288, 0, 0, 32767, 0, 0, 32767 
1416379407.372, 0, 0, 32767, 0, 0, 0 
1416379407.456, 0, 0, 32767, 0, 0, 0 
1416379407.540, 0, 0, 32767, 0, 0, 0 
1416379407.624, 0, 0, 32767, 0, 0, 0 
1416379407.708, 0, 0, 32767, 0, 0, 0 
1416379407.793, 0, 0, 32767, 0, 0, 0 
1416379407.877, 0, 0, 32767, 0, 0, 0 
1416379407.961, 0, 0, 32767, 0, 0, 0 
1416379408.045, 0, 0, 32767, 0, 0, 0 
1416379408.129, 0, 0, 32767, 0, 0, 0 
1416379408.213, 0, 0, 32767, 0, 0, 0 
1416379408.297, 0, 0, 32767, 0, 0, 0 
1416379408.381, 0, 0, 32767, 0, 0, 0 
1416379408.465, 0, 0, 32767, 0, 0, 0 
1416379408.533, 0, 0, 32767, 0, 0, 0 
1416379408.617, 0, 0, 32767, 0, 0, 0 
1416379408.701, 0, 0, 32767, 0, 0, 0 
1416379408.785, 0, 0, 32767, 0, 0, 0 
1416379408.869, 0, 0, 30065, 0, 0, 0 
1416379408.953, 0, 0, 25673, 0, 0, 0 
1416379409.037, 0, 0, 22295, 0, 0, 0 
1416379409.121, 0, 0, 19931, 0, 0, 0 
1416379409.205, 0, 0, 16552, 0, 0, 0 
1416379409.289, 0, 0, 12836, 0, 0, 0 
1416379409.373, 0, 0, 9458, 0, 0, 0 
1416379409.457, 0, 0, 6418, 0, 0, 0 
1416379409.541, 0, 0, 3715, 0, 0, 0 
1416379409.625, 0, 0, 337, 0, 0, 0 
1416379409.708, 0, 0, 2702, 0, 0, 0 
1416379409.793, 0, 0, 5405, 0, 0, 0 
1416379409.877, 0, 0, 8445, 0, 0, 0 
1416379409.961, 0, 0, 11823, 0, 0, 0 
1416379410.044, 0, 0, 14863, 0, 0, 0 
1416379410.128, 0, 0, 18241, 0, 0, 0 
1416379410.212, 0, 0, 20944, 0, 0, 0 
1416379410.296, 0, 0, 23984, 0, 0, 0 
1416379410.380, 0, 0, 26687, 0, 0, 0 
1416379410.464, 0, 0, 31078, 0, 0, 0 
1416379410.548, 0, 0, 32767, 0, 0, 0 
1416379410.632, 0, 0, 32767, 0, 0, 0 
1416379410.716, 0, 0, 32767, 0, 0, 0 
1416379410.800, 0, 0, 32767, 0, 0, 0 
1416379410.868, 0, 0, 32767, 0, 0, 0 
1416379410.952, 0, 0, 32767, 0, 0, 0 
1416379411.036, 0, 0, 32767, 0, 0, 0 
1416379411.120, 0, 0, 32767, 0, 0, 0 
1416379411.204, 0, 0, 32767, 0, 0, 0 
1416379411.288, 0, 0, 32767, 0, 0, 0 
1416379411.372, 0, 0, 32767, 0, 0, 0 
1416379411.456, 0, 0, 32767, 0, 0, 0 
1416379411.540, 0, 0, 32767, 0, 0, 0 
1416379411.624, 0, 0, 32767, 0, 0, 0 
1416379411.708, 0, 0, 32767, 0, 0, 0 
1416379411.792, 0, 0, 32767, 0, 0, 0 
1416379411.876, 0, 0, 32767, 0, 0, 0 
1416379411.961, 0, 0, 32767, 0, 0, 0 
1416379412.045, 0, 0, 32767, 0, 0, 0 
1416379412.129, 0, 0, 32767, 0, 0, 0 
1416379412.213, 0, 0, 32767, 0, 0, 0 
1416379412.297, 0, 0, 32767, 0, 0, 0 
1416379412.381, 0, 0, 32767, 0, 0, 0 
1416379412.465, 0, 0, 32767, 0, 0, 0 
1416379412.549, 0, 0, 32767, 0, 0, 0 
1416379412.633, 0, 0, 32767, 0, 0, 0 
1416379412.718, 0, 0, 32767, 0, 0, 0 
1416379412.802, 0, 0, 32767, 0, 0, 0 
1416379412.886, 0, 0, 32767, 0, 0, 0 
1416379412.953, 0, 0, 32767, 0, 0, 0 
1416379413.037, 0, 0, 32767, 0, 0, 0 
